[15 Feb 2017 21:33:23 GMT]	INFO	#SoGiveServer	Go!			Thread[main,5,main]
[15 Feb 2017 21:33:23 GMT]	FINE	#jetty	setup			Thread[main,5,main]
[15 Feb 2017 21:33:23 GMT]	FINE	#jetty	Disable Jetty logging			Thread[main,5,main]
[15 Feb 2017 21:33:23 GMT]	FINE	#jetty	add servlet /* = org.sogive.server.MasterHttpServlet@43bd930a			Thread[main,5,main]
[15 Feb 2017 21:33:23 GMT]	INFO	#web	...Launching Jetty web server on port 8282			Thread[main,5,main]
[15 Feb 2017 21:33:23 GMT]	FINE	#jetty	add servlet /jettyadmin = com.winterwell.web.app.AdminServlet@954b04f			Thread[main,5,main]
[15 Feb 2017 21:33:23 GMT]	INFO	#jetty	Starting Jetty server on port 8282			Thread[main,5,main]
[15 Feb 2017 21:33:23 GMT]	INFO	#SoGiveServer	Running...			Thread[main,5,main]
[15 Feb 2017 21:33:55 GMT]	FINE	#config	class com.winterwell.es.client.ESConfig: No properties file: config/elasticsearch.properties = /home/daniel/winterwell/sogive-app/config/elasticsearch.properties			Thread[qtp2074185499-16,5,main]
[15 Feb 2017 21:51:45 GMT]	FINE	#config	class com.winterwell.es.client.ESConfig: No properties file: config/elasticsearch.properties = /home/daniel/winterwell/sogive-app/config/elasticsearch.properties			Thread[qtp2074185499-15,5,main]
[15 Feb 2017 22:10:37 GMT]	FINE	#config	class com.winterwell.es.client.ESConfig: No properties file: config/elasticsearch.properties = /home/daniel/winterwell/sogive-app/config/elasticsearch.properties			Thread[qtp2074185499-20,5,main]
[15 Feb 2017 22:20:39 GMT]	FINE	#config	class com.winterwell.es.client.ESConfig: No properties file: config/elasticsearch.properties = /home/daniel/winterwell/sogive-app/config/elasticsearch.properties			Thread[qtp2074185499-14,5,main]
[15 Feb 2017 22:20:58 GMT]	FINE	#config	class com.winterwell.es.client.ESConfig: No properties file: config/elasticsearch.properties = /home/daniel/winterwell/sogive-app/config/elasticsearch.properties			Thread[qtp2074185499-19,5,main]
[15 Feb 2017 22:24:30 GMT]	INFO	#SoGiveServer	Go!			Thread[main,5,main]
[15 Feb 2017 22:24:30 GMT]	FINE	#jetty	setup			Thread[main,5,main]
[15 Feb 2017 22:24:30 GMT]	FINE	#jetty	Disable Jetty logging			Thread[main,5,main]
[15 Feb 2017 22:24:31 GMT]	FINE	#jetty	add servlet /* = org.sogive.server.MasterHttpServlet@43bd930a			Thread[main,5,main]
[15 Feb 2017 22:24:31 GMT]	INFO	#web	...Launching Jetty web server on port 8282			Thread[main,5,main]
[15 Feb 2017 22:24:31 GMT]	FINE	#jetty	add servlet /jettyadmin = com.winterwell.web.app.AdminServlet@954b04f			Thread[main,5,main]
[15 Feb 2017 22:24:31 GMT]	INFO	#jetty	Starting Jetty server on port 8282			Thread[main,5,main]
[15 Feb 2017 22:24:31 GMT]	INFO	#SoGiveServer	Running...			Thread[main,5,main]
[15 Feb 2017 22:24:53 GMT]	FINE	#config	class com.winterwell.es.client.ESConfig: No properties file: config/elasticsearch.properties = /home/daniel/winterwell/sogive-app/config/elasticsearch.properties			Thread[qtp2074185499-16,5,main]
[15 Feb 2017 22:29:49 GMT]	FINE	#config	class com.winterwell.es.client.ESConfig: No properties file: config/elasticsearch.properties = /home/daniel/winterwell/sogive-app/config/elasticsearch.properties			Thread[qtp2074185499-16,5,main]
[15 Feb 2017 22:31:12 GMT]	FINE	#config	class com.winterwell.es.client.ESConfig: No properties file: config/elasticsearch.properties = /home/daniel/winterwell/sogive-app/config/elasticsearch.properties			Thread[qtp2074185499-16,5,main]
[15 Feb 2017 22:31:59 GMT]	FINE	#config	class com.winterwell.es.client.ESConfig: No properties file: config/elasticsearch.properties = /home/daniel/winterwell/sogive-app/config/elasticsearch.properties			Thread[qtp2074185499-17,5,main]
[15 Feb 2017 22:32:10 GMT]	FINE	#config	class com.winterwell.es.client.ESConfig: No properties file: config/elasticsearch.properties = /home/daniel/winterwell/sogive-app/config/elasticsearch.properties			Thread[qtp2074185499-18,5,main]
[15 Feb 2017 22:32:24 GMT]	FINE	#config	class com.winterwell.es.client.ESConfig: No properties file: config/elasticsearch.properties = /home/daniel/winterwell/sogive-app/config/elasticsearch.properties			Thread[qtp2074185499-19,5,main]
[15 Feb 2017 22:33:07 GMT]	FINE	#config	class com.winterwell.es.client.ESConfig: No properties file: config/elasticsearch.properties = /home/daniel/winterwell/sogive-app/config/elasticsearch.properties			Thread[qtp2074185499-19,5,main]
[15 Feb 2017 22:33:38 GMT]	FINE	#config	class com.winterwell.es.client.ESConfig: No properties file: config/elasticsearch.properties = /home/daniel/winterwell/sogive-app/config/elasticsearch.properties			Thread[qtp2074185499-20,5,main]
[15 Feb 2017 22:34:34 GMT]	FINE	#config	class com.winterwell.es.client.ESConfig: No properties file: config/elasticsearch.properties = /home/daniel/winterwell/sogive-app/config/elasticsearch.properties			Thread[qtp2074185499-20,5,main]
[15 Feb 2017 22:37:06 GMT]	FINE	#config	class com.winterwell.es.client.ESConfig: No properties file: config/elasticsearch.properties = /home/daniel/winterwell/sogive-app/config/elasticsearch.properties			Thread[qtp2074185499-19,5,main]
[15 Feb 2017 22:39:34 GMT]	INFO	#SoGiveServer	Go!			Thread[main,5,main]
[15 Feb 2017 22:39:34 GMT]	FINE	#jetty	setup			Thread[main,5,main]
[15 Feb 2017 22:39:34 GMT]	FINE	#jetty	Disable Jetty logging			Thread[main,5,main]
[15 Feb 2017 22:39:34 GMT]	FINE	#jetty	add servlet /* = org.sogive.server.MasterHttpServlet@43bd930a			Thread[main,5,main]
[15 Feb 2017 22:39:34 GMT]	INFO	#web	...Launching Jetty web server on port 8282			Thread[main,5,main]
[15 Feb 2017 22:39:34 GMT]	FINE	#jetty	add servlet /jettyadmin = com.winterwell.web.app.AdminServlet@954b04f			Thread[main,5,main]
[15 Feb 2017 22:39:34 GMT]	INFO	#jetty	Starting Jetty server on port 8282			Thread[main,5,main]
[15 Feb 2017 22:39:34 GMT]	INFO	#SoGiveServer	Running...			Thread[main,5,main]
[15 Feb 2017 22:39:43 GMT]	FINE	#config	class com.winterwell.es.client.ESConfig: No properties file: config/elasticsearch.properties = /home/daniel/winterwell/sogive-app/config/elasticsearch.properties			Thread[qtp2074185499-18,5,main]
[15 Feb 2017 22:41:39 GMT]	INFO	#SoGiveServer	Go!			Thread[main,5,main]
[15 Feb 2017 22:41:39 GMT]	FINE	#jetty	setup			Thread[main,5,main]
[15 Feb 2017 22:41:39 GMT]	FINE	#jetty	Disable Jetty logging			Thread[main,5,main]
[15 Feb 2017 22:41:39 GMT]	FINE	#jetty	add servlet /* = org.sogive.server.MasterHttpServlet@43bd930a			Thread[main,5,main]
[15 Feb 2017 22:41:39 GMT]	INFO	#web	...Launching Jetty web server on port 8282			Thread[main,5,main]
[15 Feb 2017 22:41:39 GMT]	FINE	#jetty	add servlet /jettyadmin = com.winterwell.web.app.AdminServlet@954b04f			Thread[main,5,main]
[15 Feb 2017 22:41:39 GMT]	INFO	#jetty	Starting Jetty server on port 8282			Thread[main,5,main]
[15 Feb 2017 22:41:39 GMT]	INFO	#SoGiveServer	Running...			Thread[main,5,main]
[15 Feb 2017 22:41:53 GMT]	FINE	#config	class com.winterwell.es.client.ESConfig: No properties file: config/elasticsearch.properties = /home/daniel/winterwell/sogive-app/config/elasticsearch.properties			Thread[qtp2074185499-17,5,main]
[15 Feb 2017 22:42:33 GMT]	FINE	#config	class com.winterwell.es.client.ESConfig: No properties file: config/elasticsearch.properties = /home/daniel/winterwell/sogive-app/config/elasticsearch.properties			Thread[qtp2074185499-19,5,main]
[15 Feb 2017 22:43:07 GMT]	FINE	#ES.curl	curl -XPOST 'http://localhost:9200/charity/_search' -d '{"filter":"{\n \"multi_match\" : {\n \"query\" : \"oxfam\",\n \"fields\" : [\n \"description^1.0\",\n \"englandWalesCharityRegNum^1.0\",\n \"id^1.0\",\n \"name^1.0\"\n ],\n \"type\" : \"best_fields\",\n \"operator\" : \"OR\",\n \"slop\" : 0,\n \"prefix_length\" : 0,\n \"max_expansions\" : 50,\n \"lenient\" : false,\n \"zero_terms_query\" : \"NONE\",\n \"boost\" : 1.0\n }\n}"}'			Thread[qtp2074185499-19,5,main]
[15 Feb 2017 22:43:23 GMT]	SEVERE	#error	com.winterwell.web.WebEx$E40X: 400: [HTTP/1.1 400 Bad Request]{"error":{"root_cause":[{"type":"parsing_exception","reason":"Unknown key for a VALUE_STRING in [filter].","line":1,"col":11}],"type":"parsing_exception","reason":"Unknown key for a VALUE_STRING in [filter].","line":1,"col":11},"status":400} http://localhost:9200/charity/_search Stack: com.winterwell.web.FakeBrowser.processResponse2_errorCodes(FakeBrowser.java:631), com.winterwell.web.FakeBrowser.processResponse(FakeBrowser.java:502), com.winterwell.web.FakeBrowser.post(FakeBrowser.java:467), com.winterwell.es.client.ESHttpClient.execute(ESHttpClient.java:204), com.winterwell.es.client.ESHttpRequest.get(ESHttpRequest.java:125), org.sogive.server.SearchServlet.run(SearchServlet.java:39), org.sogive.server.MasterHttpServlet.doGet(MasterHttpServlet.java:74), 			Thread[qtp2074185499-19,5,main]
[15 Feb 2017 22:49:04 GMT]	INFO	#SoGiveServer	Go!			Thread[main,5,main]
[15 Feb 2017 22:49:04 GMT]	FINE	#jetty	setup			Thread[main,5,main]
[15 Feb 2017 22:49:04 GMT]	FINE	#jetty	Disable Jetty logging			Thread[main,5,main]
[15 Feb 2017 22:49:04 GMT]	FINE	#jetty	add servlet /* = org.sogive.server.MasterHttpServlet@43bd930a			Thread[main,5,main]
[15 Feb 2017 22:49:04 GMT]	INFO	#web	...Launching Jetty web server on port 8282			Thread[main,5,main]
[15 Feb 2017 22:49:04 GMT]	FINE	#jetty	add servlet /jettyadmin = com.winterwell.web.app.AdminServlet@954b04f			Thread[main,5,main]
[15 Feb 2017 22:49:04 GMT]	INFO	#jetty	Starting Jetty server on port 8282			Thread[main,5,main]
[15 Feb 2017 22:49:04 GMT]	INFO	#SoGiveServer	Running...			Thread[main,5,main]
[15 Feb 2017 22:50:36 GMT]	FINE	#config	class com.winterwell.es.client.ESConfig: No properties file: config/elasticsearch.properties = /home/daniel/winterwell/sogive-app/config/elasticsearch.properties			Thread[qtp2074185499-17,5,main]
[15 Feb 2017 22:50:51 GMT]	FINE	#ES.curl	curl -XPOST 'http://localhost:9200/charity/_search' -d '{"query":{"multi_match":{"query":"oxfam","fields":["description^1.0","englandWalesCharityRegNum^1.0","id^1.0","name^1.0"],"type":"best_fields","operator":"OR","slop":0.0,"prefix_length":0.0,"max_expansions":50.0,"lenient":false,"zero_terms_query":"NONE","boost":1.0}}}'			Thread[qtp2074185499-17,5,main]
[15 Feb 2017 22:51:16 GMT]	FINE	#config	class com.winterwell.es.client.ESConfig: No properties file: config/elasticsearch.properties = /home/daniel/winterwell/sogive-app/config/elasticsearch.properties			Thread[qtp2074185499-19,5,main]
[15 Feb 2017 22:51:27 GMT]	FINE	#config	class com.winterwell.es.client.ESConfig: No properties file: config/elasticsearch.properties = /home/daniel/winterwell/sogive-app/config/elasticsearch.properties			Thread[qtp2074185499-19,5,main]
[15 Feb 2017 22:51:32 GMT]	FINE	#config	class com.winterwell.es.client.ESConfig: No properties file: config/elasticsearch.properties = /home/daniel/winterwell/sogive-app/config/elasticsearch.properties			Thread[qtp2074185499-18,5,main]
[15 Feb 2017 22:51:33 GMT]	FINE	#config	class com.winterwell.es.client.ESConfig: No properties file: config/elasticsearch.properties = /home/daniel/winterwell/sogive-app/config/elasticsearch.properties			Thread[qtp2074185499-21,5,main]
[15 Feb 2017 22:51:35 GMT]	FINE	#config	class com.winterwell.es.client.ESConfig: No properties file: config/elasticsearch.properties = /home/daniel/winterwell/sogive-app/config/elasticsearch.properties			Thread[qtp2074185499-17,5,main]
[15 Feb 2017 22:51:36 GMT]	FINE	#config	class com.winterwell.es.client.ESConfig: No properties file: config/elasticsearch.properties = /home/daniel/winterwell/sogive-app/config/elasticsearch.properties			Thread[qtp2074185499-19,5,main]
[15 Feb 2017 22:51:36 GMT]	FINE	#config	class com.winterwell.es.client.ESConfig: No properties file: config/elasticsearch.properties = /home/daniel/winterwell/sogive-app/config/elasticsearch.properties			Thread[qtp2074185499-16,5,main]
[15 Feb 2017 22:51:36 GMT]	FINE	#config	class com.winterwell.es.client.ESConfig: No properties file: config/elasticsearch.properties = /home/daniel/winterwell/sogive-app/config/elasticsearch.properties			Thread[qtp2074185499-20,5,main]
[15 Feb 2017 22:51:55 GMT]	FINE	#config	class com.winterwell.es.client.ESConfig: No properties file: config/elasticsearch.properties = /home/daniel/winterwell/sogive-app/config/elasticsearch.properties			Thread[qtp2074185499-17,5,main]
[15 Feb 2017 22:52:56 GMT]	FINE	#config	class com.winterwell.es.client.ESConfig: No properties file: config/elasticsearch.properties = /home/daniel/winterwell/sogive-app/config/elasticsearch.properties			Thread[qtp2074185499-16,5,main]
[15 Feb 2017 22:54:17 GMT]	FINE	#config	class com.winterwell.es.client.ESConfig: No properties file: config/elasticsearch.properties = /home/daniel/winterwell/sogive-app/config/elasticsearch.properties			Thread[qtp2074185499-17,5,main]
[15 Feb 2017 22:54:51 GMT]	FINE	#config	class com.winterwell.es.client.ESConfig: No properties file: config/elasticsearch.properties = /home/daniel/winterwell/sogive-app/config/elasticsearch.properties			Thread[qtp2074185499-18,5,main]
[15 Feb 2017 22:56:16 GMT]	FINE	#config	class com.winterwell.es.client.ESConfig: No properties file: config/elasticsearch.properties = /home/daniel/winterwell/sogive-app/config/elasticsearch.properties			Thread[qtp2074185499-21,5,main]
[15 Feb 2017 22:58:12 GMT]	FINE	#config	class com.winterwell.es.client.ESConfig: No properties file: config/elasticsearch.properties = /home/daniel/winterwell/sogive-app/config/elasticsearch.properties			Thread[qtp2074185499-21,5,main]
[15 Feb 2017 22:58:36 GMT]	FINE	#config	class com.winterwell.es.client.ESConfig: No properties file: config/elasticsearch.properties = /home/daniel/winterwell/sogive-app/config/elasticsearch.properties			Thread[qtp2074185499-18,5,main]
[15 Feb 2017 22:58:50 GMT]	FINE	#ES.curl	curl -XPOST 'http://localhost:9200/charity/_search' -d '{"query":{"multi_match":{"query":"oxfam","fields":["description^1.0","englandWalesCharityRegNum^1.0","id^1.0","name^1.0"],"type":"best_fields","operator":"OR","slop":0.0,"prefix_length":0.0,"max_expansions":50.0,"lenient":false,"zero_terms_query":"NONE","boost":1.0}}}'			Thread[qtp2074185499-18,5,main]
[15 Feb 2017 23:05:07 GMT]	FINE	#config	class com.winterwell.es.client.ESConfig: No properties file: config/elasticsearch.properties = /home/daniel/winterwell/sogive-app/config/elasticsearch.properties			Thread[qtp2074185499-18,5,main]
[15 Feb 2017 23:05:07 GMT]	FINE	#ES.curl	curl -XPOST 'http://localhost:9200/charity/_search' -d '{"query":{"multi_match":{"query":"oxfam","fields":["description^1.0","englandWalesCharityRegNum^1.0","id^1.0","name^1.0"],"type":"best_fields","operator":"OR","slop":0.0,"prefix_length":0.0,"max_expansions":50.0,"lenient":false,"zero_terms_query":"NONE","boost":1.0}}}'			Thread[qtp2074185499-18,5,main]
[15 Feb 2017 23:05:09 GMT]	FINE	#config	class com.winterwell.es.client.ESConfig: No properties file: config/elasticsearch.properties = /home/daniel/winterwell/sogive-app/config/elasticsearch.properties			Thread[qtp2074185499-16,5,main]
[15 Feb 2017 23:05:09 GMT]	FINE	#ES.curl	curl -XPOST 'http://localhost:9200/charity/_search' -d '{"query":{"multi_match":{"query":"oxfam","fields":["description^1.0","englandWalesCharityRegNum^1.0","id^1.0","name^1.0"],"type":"best_fields","operator":"OR","slop":0.0,"prefix_length":0.0,"max_expansions":50.0,"lenient":false,"zero_terms_query":"NONE","boost":1.0}}}'			Thread[qtp2074185499-16,5,main]
[15 Feb 2017 23:05:09 GMT]	FINE	#config	class com.winterwell.es.client.ESConfig: No properties file: config/elasticsearch.properties = /home/daniel/winterwell/sogive-app/config/elasticsearch.properties			Thread[qtp2074185499-17,5,main]
[15 Feb 2017 23:05:09 GMT]	FINE	#ES.curl	curl -XPOST 'http://localhost:9200/charity/_search' -d '{"query":{"multi_match":{"query":"oxfam","fields":["description^1.0","englandWalesCharityRegNum^1.0","id^1.0","name^1.0"],"type":"best_fields","operator":"OR","slop":0.0,"prefix_length":0.0,"max_expansions":50.0,"lenient":false,"zero_terms_query":"NONE","boost":1.0}}}'			Thread[qtp2074185499-17,5,main]
[15 Feb 2017 23:06:21 GMT]	FINE	#config	class com.winterwell.es.client.ESConfig: No properties file: config/elasticsearch.properties = /home/daniel/winterwell/sogive-app/config/elasticsearch.properties			Thread[qtp2074185499-16,5,main]
[15 Feb 2017 23:06:21 GMT]	FINE	#ES.curl	curl -XPOST 'http://localhost:9200/charity/_search' -d '{"query":{"multi_match":{"query":"water","fields":["description^1.0","englandWalesCharityRegNum^1.0","id^1.0","name^1.0"],"type":"best_fields","operator":"OR","slop":0.0,"prefix_length":0.0,"max_expansions":50.0,"lenient":false,"zero_terms_query":"NONE","boost":1.0}}}'			Thread[qtp2074185499-16,5,main]
[15 Feb 2017 23:07:31 GMT]	FINE	#config	class com.winterwell.es.client.ESConfig: No properties file: config/elasticsearch.properties = /home/daniel/winterwell/sogive-app/config/elasticsearch.properties			Thread[qtp2074185499-17,5,main]
[15 Feb 2017 23:07:31 GMT]	FINE	#ES.curl	curl -XPOST 'http://localhost:9200/charity/_search' -d '{"query":{"multi_match":{"query":"water","fields":["description^1.0","englandWalesCharityRegNum^1.0","id^1.0","name^1.0"],"type":"best_fields","operator":"OR","slop":0.0,"prefix_length":0.0,"max_expansions":50.0,"lenient":false,"zero_terms_query":"NONE","boost":1.0}}}'			Thread[qtp2074185499-17,5,main]
[15 Feb 2017 23:10:56 GMT]	FINE	#config	class com.winterwell.es.client.ESConfig: No properties file: config/elasticsearch.properties = /home/daniel/winterwell/sogive-app/config/elasticsearch.properties			Thread[qtp2074185499-19,5,main]
[15 Feb 2017 23:10:56 GMT]	FINE	#ES.curl	curl -XPOST 'http://localhost:9200/charity/_search' -d '{"query":{"multi_match":{"query":"oxfam","fields":["description^1.0","englandWalesCharityRegNum^1.0","id^1.0","name^1.0"],"type":"best_fields","operator":"OR","slop":0.0,"prefix_length":0.0,"max_expansions":50.0,"lenient":false,"zero_terms_query":"NONE","boost":1.0}}}'			Thread[qtp2074185499-19,5,main]
[15 Feb 2017 23:11:54 GMT]	FINE	#config	class com.winterwell.es.client.ESConfig: No properties file: config/elasticsearch.properties = /home/daniel/winterwell/sogive-app/config/elasticsearch.properties			Thread[qtp2074185499-21,5,main]
[15 Feb 2017 23:11:54 GMT]	FINE	#ES.curl	curl -XPOST 'http://localhost:9200/charity/_search' -d '{"query":{"multi_match":{"query":"oxfam","fields":["description^1.0","englandWalesCharityRegNum^1.0","id^1.0","name^1.0"],"type":"best_fields","operator":"OR","slop":0.0,"prefix_length":0.0,"max_expansions":50.0,"lenient":false,"zero_terms_query":"NONE","boost":1.0}}}'			Thread[qtp2074185499-21,5,main]
[15 Feb 2017 23:12:05 GMT]	FINE	#config	class com.winterwell.es.client.ESConfig: No properties file: config/elasticsearch.properties = /home/daniel/winterwell/sogive-app/config/elasticsearch.properties			Thread[qtp2074185499-20,5,main]
[15 Feb 2017 23:12:05 GMT]	FINE	#ES.curl	curl -XPOST 'http://localhost:9200/charity/_search' -d '{"query":{"multi_match":{"query":"bhf","fields":["description^1.0","englandWalesCharityRegNum^1.0","id^1.0","name^1.0"],"type":"best_fields","operator":"OR","slop":0.0,"prefix_length":0.0,"max_expansions":50.0,"lenient":false,"zero_terms_query":"NONE","boost":1.0}}}'			Thread[qtp2074185499-20,5,main]
[15 Feb 2017 23:12:08 GMT]	FINE	#config	class com.winterwell.es.client.ESConfig: No properties file: config/elasticsearch.properties = /home/daniel/winterwell/sogive-app/config/elasticsearch.properties			Thread[qtp2074185499-16,5,main]
[15 Feb 2017 23:12:18 GMT]	FINE	#config	class com.winterwell.es.client.ESConfig: No properties file: config/elasticsearch.properties = /home/daniel/winterwell/sogive-app/config/elasticsearch.properties			Thread[qtp2074185499-18,5,main]
[15 Feb 2017 23:12:18 GMT]	FINE	#ES.curl	curl -XPOST 'http://localhost:9200/charity/_search' -d '{"query":{"multi_match":{"query":"solar","fields":["description^1.0","englandWalesCharityRegNum^1.0","id^1.0","name^1.0"],"type":"best_fields","operator":"OR","slop":0.0,"prefix_length":0.0,"max_expansions":50.0,"lenient":false,"zero_terms_query":"NONE","boost":1.0}}}'			Thread[qtp2074185499-18,5,main]
[15 Feb 2017 23:36:39 GMT]	FINE	#config	class com.winterwell.es.client.ESConfig: No properties file: config/elasticsearch.properties = /home/daniel/winterwell/sogive-app/config/elasticsearch.properties			Thread[qtp2074185499-20,5,main]
[15 Feb 2017 23:36:39 GMT]	FINE	#ES.curl	curl -XPOST 'http://localhost:9200/charity/_search' -d '{"query":{"multi_match":{"query":"water","fields":["description^1.0","englandWalesCharityRegNum^1.0","id^1.0","name^1.0"],"type":"best_fields","operator":"OR","slop":0.0,"prefix_length":0.0,"max_expansions":50.0,"lenient":false,"zero_terms_query":"NONE","boost":1.0}}}'			Thread[qtp2074185499-20,5,main]
[15 Feb 2017 23:36:42 GMT]	FINE	#config	class com.winterwell.es.client.ESConfig: No properties file: config/elasticsearch.properties = /home/daniel/winterwell/sogive-app/config/elasticsearch.properties			Thread[qtp2074185499-17,5,main]
[15 Feb 2017 23:36:42 GMT]	FINE	#ES.curl	curl -XPOST 'http://localhost:9200/charity/_search' -d '{"query":{"multi_match":{"query":"oxfam","fields":["description^1.0","englandWalesCharityRegNum^1.0","id^1.0","name^1.0"],"type":"best_fields","operator":"OR","slop":0.0,"prefix_length":0.0,"max_expansions":50.0,"lenient":false,"zero_terms_query":"NONE","boost":1.0}}}'			Thread[qtp2074185499-17,5,main]
